c:\users\tohao\source\repos\lab1\lab1\debug\lab1.pch
c:\users\tohao\source\repos\lab1\lab1\debug\vc141.pdb
c:\users\tohao\source\repos\lab1\lab1\debug\vc141.idb
c:\users\tohao\source\repos\lab1\lab1\debug\pch.obj
c:\users\tohao\source\repos\lab1\lab1\debug\list.obj
c:\users\tohao\source\repos\lab1\lab1\debug\lab1.obj
c:\users\tohao\source\repos\lab1\lab1\debug\item.obj
c:\users\tohao\source\repos\lab1\lab1\debug\debuglist.obj
c:\users\tohao\source\repos\lab1\debug\lab1.exe
c:\users\tohao\source\repos\lab1\debug\lab1.ilk
c:\users\tohao\source\repos\lab1\debug\lab1.pdb
c:\users\tohao\source\repos\lab1\lab1\debug\debugitem.obj
c:\users\tohao\source\repos\lab1\lab1\debug\nativecodeanalysis.read.1.tlog
c:\users\tohao\source\repos\lab1\lab1\debug\item.nativecodeanalysis.xml
c:\users\tohao\source\repos\lab1\lab1\debug\lab1.nativecodeanalysis.xml
c:\users\tohao\source\repos\lab1\lab1\debug\list.nativecodeanalysis.xml
c:\users\tohao\source\repos\lab1\lab1\debug\pch.nativecodeanalysis.xml
c:\users\tohao\source\repos\lab1\lab1\debug\vc.nativecodeanalysis.all.xml
c:\users\tohao\source\repos\lab1\lab1\debug\lab1.tlog\cl.command.1.tlog
c:\users\tohao\source\repos\lab1\lab1\debug\lab1.tlog\cl.read.1.tlog
c:\users\tohao\source\repos\lab1\lab1\debug\lab1.tlog\cl.write.1.tlog
c:\users\tohao\source\repos\lab1\lab1\debug\lab1.tlog\link.command.1.tlog
c:\users\tohao\source\repos\lab1\lab1\debug\lab1.tlog\link.read.1.tlog
c:\users\tohao\source\repos\lab1\lab1\debug\lab1.tlog\link.write.1.tlog
